Executing 4670685 in derivative/P8-SN4-LS536-GS4294-I12-AN4-D2023-06-13_11:42:51
Executing 4670686 in derivative/P128-SN4-LS1-GS134-I12-AN1-D2023-06-13_11:43:02
Executing 4670688 in derivative/P512-SN16-LS1-GS536-I12-AN4-D2023-06-13_11:43:06
Executing 4670689 in derivative/P512-SN16-LS268-GS137438-I12-AN4-D2023-06-13_11:43:16
Executing 4670690 in derivative/P128-SN4-LS268-GS34359-I12-AN1-D2023-06-13_11:43:26
Executing 4670691 in derivative/P512-SN16-LS268-GS137438-I12-AN4-D2023-06-13_11:43:30
Executing 4670692 in derivative/P128-SN4-LS268-GS34359-I12-AN1-D2023-06-13_11:43:34
Executing 4670693 in derivative/P512-SN16-LS268-GS137438-I12-AN4-D2023-06-13_11:43:38
Executing 4670694 in reduction/P512-SN16-LS1-GS536-I250-AN4-D2023-06-13_11:43:45
Executing 4670695 in reduction/P512-SN16-LS268-GS137438-I25-AN4-D2023-06-13_11:43:52
Executing 4670696 in reduction/P128-SN4-LS268-GS34359-I25-AN1-D2023-06-13_11:43:58
Executing 4670697 in reduction/P512-SN16-LS268-GS137438-I25-AN4-D2023-06-13_11:44:01
Executing 4670698 in reduction/P128-SN4-LS268-GS34359-I25-AN1-D2023-06-13_11:44:05
Executing 4670699 in reduction/P512-SN16-LS268-GS137438-I25-AN4-D2023-06-13_11:44:09
Executing  in derivative/P4-SN2-LS268-GS1073-I12-AN2-W40-D2023-06-13_13:31:45
Executing  in derivative/P4-SN2-LS268-GS1073-I12-AN2-W40-D2023-06-13_13:34:53
Executing  in derivative/P4-SN2-LS268-GS1073-I12-AN2-W40-D2023-06-13_14:24:26
Executing Submitted batch job 4670964 in derivative/P4-SN2-LS268-GS1073-I12-AN2-W40-D2023-06-13_14:30:50
Executing 4671559 in derivative/P4-SN2-LS268-GS1073-I12-AN2-W40-D2023-06-13_16:36:41
Executing 4671568 in derivative/P4-SN2-LS268-GS1073-I12-AN2-W40-D2023-06-13_16:52:03
Executing 4671578 in derivative/P4-SN2-LS268-GS1073-I12-AN2-W40-D2023-06-13_17:01:16
Executing  in derivative/P4-SN2-LS268-GS1073-I12-AN2-W2-D2023-06-13_17:18:31
Executing 4674540 in derivative/P4-SN2-LS268-GS1073-I12-AN2-W2-D2023-06-13_17:21:47
Executing 4674549 in derivative/P4-SN2-LS268-GS1073-I12-AN2-W2-D2023-06-13_17:30:48
Executing 4674571 in derivative/P128-SN4-LS1-GS134-I12-AN1-W40-D2023-06-13_17:48:19
Executing 4674573 in derivative/P128-SN4-LS134-GS17179-I12-AN1-W40-D2023-06-13_17:49:48
Executing 4674648 in derivative/P128-SN4-LS134-GS17179-I12-AN1-W40-D2023-06-13_20:16:33
Executing 4674670 in derivative/P128-SN4-LS1-GS134-I12-AN1-W40-D2023-06-13_20:26:38
Executing 4674671 in derivative/P128-SN4-LS1-GS134-I12-AN1-W40-D2023-06-13_20:31:28
Executing 4674677 in derivative/P128-SN4-LS1-GS134-I12-AN1-W40-D2023-06-13_20:38:16
Executing 4674679 in derivative/P4-SN2-LS268-GS1073-I12-AN2-W40-D2023-06-13_20:42:24
Executing 4674680 in derivative/P8-SN4-LS268-GS2147-I12-AN4-W40-D2023-06-13_20:42:35
Executing 4674681 in derivative/P16-SN8-LS268-GS4294-I12-AN8-W40-D2023-06-13_20:42:39
Executing 4674682 in derivative/P4-SN2-LS536-GS2147-I12-AN2-W40-D2023-06-13_20:42:42
Executing 4674683 in derivative/P8-SN4-LS536-GS4294-I12-AN4-W40-D2023-06-13_20:42:48
Executing 4674684 in derivative/P16-SN8-LS536-GS8589-I12-AN8-W40-D2023-06-13_20:42:52
Executing 4674685 in derivative/P128-SN4-LS1-GS134-I12-AN1-W40-D2023-06-13_20:42:55
Executing 4674686 in derivative/P512-SN16-LS1-GS536-I12-AN4-W40-D2023-06-13_20:42:59
Executing 4674687 in derivative/P128-SN4-LS268-GS34359-I12-AN1-W40-D2023-06-13_20:43:03
Executing 4674688 in derivative/P512-SN16-LS268-GS137438-I12-AN4-W40-D2023-06-13_20:43:06
Executing 4674689 in reduction/P4-SN2-LS268-GS1073-I250-AN2-W40-D2023-06-13_20:43:10
Executing 4674690 in reduction/P8-SN4-LS268-GS2147-I250-AN4-W40-D2023-06-13_20:43:14
Executing 4674691 in reduction/P16-SN8-LS268-GS4294-I250-AN8-W40-D2023-06-13_20:43:18
Executing 4674692 in reduction/P4-SN2-LS536-GS2147-I250-AN2-W40-D2023-06-13_20:43:22
Executing 4674693 in reduction/P8-SN4-LS536-GS4294-I250-AN4-W40-D2023-06-13_20:43:26
Executing 4674694 in reduction/P16-SN8-LS536-GS8589-I250-AN8-W40-D2023-06-13_20:43:30
Executing 4674695 in reduction/P128-SN4-LS1-GS134-I25-AN1-W40-D2023-06-13_20:43:34
Executing 4674696 in reduction/P256-SN8-LS1-GS268-I25-AN4-W40-D2023-06-13_20:43:37
Executing 4674697 in reduction/P128-SN4-LS268-GS34359-I25-AN1-W40-D2023-06-13_20:43:41
Executing 4674698 in reduction/P256-SN8-LS268-GS68719-I25-AN4-W40-D2023-06-13_20:43:45
