Performing C SOURCE FILE Test CMAKE_HAVE_LIBC_PTHREAD failed with the following output:
Change Dir: /gpfs/users/fernandezx/internship/reisa_tests/DEISA/derivative/P128-SN4-LS1-GS134-I12-AN2-W40-D2023-06-14_13:26:04/CMakeFiles/CMakeTmp

Run Build Command(s):/usr/bin/gmake -f Makefile cmTC_0ec05/fast && /usr/bin/gmake  -f CMakeFiles/cmTC_0ec05.dir/build.make CMakeFiles/cmTC_0ec05.dir/build
gmake[1]: se ingresa al directorio `/gpfs/users/fernandezx/internship/reisa_tests/DEISA/derivative/P128-SN4-LS1-GS134-I12-AN2-W40-D2023-06-14_13:26:04/CMakeFiles/CMakeTmp'
Building C object CMakeFiles/cmTC_0ec05.dir/src.c.o
/gpfs/softs/spack/opt/spack/linux-centos7-haswell/gcc-4.8.5/gcc-11.2.0-mpv3i3uebzvnvz7wxn6ywysd5hftycj3/bin/gcc -DCMAKE_HAVE_LIBC_PTHREAD   -o CMakeFiles/cmTC_0ec05.dir/src.c.o -c /gpfs/users/fernandezx/internship/reisa_tests/DEISA/derivative/P128-SN4-LS1-GS134-I12-AN2-W40-D2023-06-14_13:26:04/CMakeFiles/CMakeTmp/src.c
Linking C executable cmTC_0ec05
/gpfs/users/fernandezx/spack/opt/spack/linux-centos7-cascadelake/gcc-11.2.0/cmake-3.24.3-ozmdie7tj76e7ljinj2mbyxgkev4xmr2/bin/cmake -E cmake_link_script CMakeFiles/cmTC_0ec05.dir/link.txt --verbose=1
/gpfs/softs/spack/opt/spack/linux-centos7-haswell/gcc-4.8.5/gcc-11.2.0-mpv3i3uebzvnvz7wxn6ywysd5hftycj3/bin/gcc CMakeFiles/cmTC_0ec05.dir/src.c.o -o cmTC_0ec05 
CMakeFiles/cmTC_0ec05.dir/src.c.o: En la función `main':
src.c:(.text+0x2d): referencia a `pthread_create' sin definir
src.c:(.text+0x39): referencia a `pthread_detach' sin definir
src.c:(.text+0x45): referencia a `pthread_cancel' sin definir
src.c:(.text+0x56): referencia a `pthread_join' sin definir
src.c:(.text+0x6a): referencia a `pthread_atfork' sin definir
collect2: error: ld returned 1 exit status
gmake[1]: *** [cmTC_0ec05] Error 1
gmake[1]: se sale del directorio `/gpfs/users/fernandezx/internship/reisa_tests/DEISA/derivative/P128-SN4-LS1-GS134-I12-AN2-W40-D2023-06-14_13:26:04/CMakeFiles/CMakeTmp'
gmake: *** [cmTC_0ec05/fast] Error 2


Source file was:
#include <pthread.h>

static void* test_func(void* data)
{
  return data;
}

int main(void)
{
  pthread_t thread;
  pthread_create(&thread, NULL, test_func, NULL);
  pthread_detach(thread);
  pthread_cancel(thread);
  pthread_join(thread, NULL);
  pthread_atfork(NULL, NULL, NULL);
  pthread_exit(NULL);

  return 0;
}

Determining if the function pthread_create exists in the pthreads failed with the following output:
Change Dir: /gpfs/users/fernandezx/internship/reisa_tests/DEISA/derivative/P128-SN4-LS1-GS134-I12-AN2-W40-D2023-06-14_13:26:04/CMakeFiles/CMakeTmp

Run Build Command(s):/usr/bin/gmake -f Makefile cmTC_6dd85/fast && /usr/bin/gmake  -f CMakeFiles/cmTC_6dd85.dir/build.make CMakeFiles/cmTC_6dd85.dir/build
gmake[1]: se ingresa al directorio `/gpfs/users/fernandezx/internship/reisa_tests/DEISA/derivative/P128-SN4-LS1-GS134-I12-AN2-W40-D2023-06-14_13:26:04/CMakeFiles/CMakeTmp'
Building C object CMakeFiles/cmTC_6dd85.dir/CheckFunctionExists.c.o
/gpfs/softs/spack/opt/spack/linux-centos7-haswell/gcc-4.8.5/gcc-11.2.0-mpv3i3uebzvnvz7wxn6ywysd5hftycj3/bin/gcc   -DCHECK_FUNCTION_EXISTS=pthread_create -o CMakeFiles/cmTC_6dd85.dir/CheckFunctionExists.c.o -c /gpfs/users/fernandezx/spack/opt/spack/linux-centos7-cascadelake/gcc-11.2.0/cmake-3.24.3-ozmdie7tj76e7ljinj2mbyxgkev4xmr2/share/cmake-3.24/Modules/CheckFunctionExists.c
Linking C executable cmTC_6dd85
/gpfs/users/fernandezx/spack/opt/spack/linux-centos7-cascadelake/gcc-11.2.0/cmake-3.24.3-ozmdie7tj76e7ljinj2mbyxgkev4xmr2/bin/cmake -E cmake_link_script CMakeFiles/cmTC_6dd85.dir/link.txt --verbose=1
/gpfs/softs/spack/opt/spack/linux-centos7-haswell/gcc-4.8.5/gcc-11.2.0-mpv3i3uebzvnvz7wxn6ywysd5hftycj3/bin/gcc  -DCHECK_FUNCTION_EXISTS=pthread_create CMakeFiles/cmTC_6dd85.dir/CheckFunctionExists.c.o -o cmTC_6dd85  -lpthreads 
/usr/bin/ld: no se puede encontrar -lpthreads
collect2: error: ld returned 1 exit status
gmake[1]: *** [cmTC_6dd85] Error 1
gmake[1]: se sale del directorio `/gpfs/users/fernandezx/internship/reisa_tests/DEISA/derivative/P128-SN4-LS1-GS134-I12-AN2-W40-D2023-06-14_13:26:04/CMakeFiles/CMakeTmp'
gmake: *** [cmTC_6dd85/fast] Error 2



Detecting C OpenMP failed with the following output:
Change Dir: /gpfs/users/fernandezx/internship/reisa_tests/DEISA/derivative/P128-SN4-LS1-GS134-I12-AN2-W40-D2023-06-14_13:26:04/CMakeFiles/CMakeTmp

Run Build Command(s):/usr/bin/gmake -f Makefile cmTC_2ef7b/fast && /usr/bin/gmake  -f CMakeFiles/cmTC_2ef7b.dir/build.make CMakeFiles/cmTC_2ef7b.dir/build
gmake[1]: se ingresa al directorio `/gpfs/users/fernandezx/internship/reisa_tests/DEISA/derivative/P128-SN4-LS1-GS134-I12-AN2-W40-D2023-06-14_13:26:04/CMakeFiles/CMakeTmp'
CMakeFiles/cmTC_2ef7b.dir/build.make:76: *** el patrón de objetivo no contiene `%'.  Alto.
gmake[1]: se sale del directorio `/gpfs/users/fernandezx/internship/reisa_tests/DEISA/derivative/P128-SN4-LS1-GS134-I12-AN2-W40-D2023-06-14_13:26:04/CMakeFiles/CMakeTmp'
gmake: *** [cmTC_2ef7b/fast] Error 2



Detecting CXX OpenMP failed with the following output:
Change Dir: /gpfs/users/fernandezx/internship/reisa_tests/DEISA/derivative/P128-SN4-LS1-GS134-I12-AN2-W40-D2023-06-14_13:26:04/CMakeFiles/CMakeTmp

Run Build Command(s):/usr/bin/gmake -f Makefile cmTC_9c641/fast && /usr/bin/gmake  -f CMakeFiles/cmTC_9c641.dir/build.make CMakeFiles/cmTC_9c641.dir/build
gmake[1]: se ingresa al directorio `/gpfs/users/fernandezx/internship/reisa_tests/DEISA/derivative/P128-SN4-LS1-GS134-I12-AN2-W40-D2023-06-14_13:26:04/CMakeFiles/CMakeTmp'
CMakeFiles/cmTC_9c641.dir/build.make:76: *** el patrón de objetivo no contiene `%'.  Alto.
gmake[1]: se sale del directorio `/gpfs/users/fernandezx/internship/reisa_tests/DEISA/derivative/P128-SN4-LS1-GS134-I12-AN2-W40-D2023-06-14_13:26:04/CMakeFiles/CMakeTmp'
gmake: *** [cmTC_9c641/fast] Error 2



