Performing C SOURCE FILE Test CMAKE_HAVE_LIBC_PTHREAD failed with the following output:
Change Dir: /gpfs/users/fernandezx/internship/reisa_tests/REISA/reduction/P8-SN4-LS268-GS2147-I25-AN4-D2023-06-14_14:26:02/CMakeFiles/CMakeTmp

Run Build Command(s):/usr/bin/gmake -f Makefile cmTC_ccf43/fast && /usr/bin/gmake  -f CMakeFiles/cmTC_ccf43.dir/build.make CMakeFiles/cmTC_ccf43.dir/build
gmake[1]: se ingresa al directorio `/gpfs/users/fernandezx/internship/reisa_tests/REISA/reduction/P8-SN4-LS268-GS2147-I25-AN4-D2023-06-14_14:26:02/CMakeFiles/CMakeTmp'
Building C object CMakeFiles/cmTC_ccf43.dir/src.c.o
/gpfs/softs/spack/opt/spack/linux-centos7-haswell/gcc-4.8.5/gcc-11.2.0-mpv3i3uebzvnvz7wxn6ywysd5hftycj3/bin/gcc -DCMAKE_HAVE_LIBC_PTHREAD   -o CMakeFiles/cmTC_ccf43.dir/src.c.o -c /gpfs/users/fernandezx/internship/reisa_tests/REISA/reduction/P8-SN4-LS268-GS2147-I25-AN4-D2023-06-14_14:26:02/CMakeFiles/CMakeTmp/src.c
Linking C executable cmTC_ccf43
/gpfs/users/fernandezx/spack/opt/spack/linux-centos7-cascadelake/gcc-11.2.0/cmake-3.24.3-ozmdie7tj76e7ljinj2mbyxgkev4xmr2/bin/cmake -E cmake_link_script CMakeFiles/cmTC_ccf43.dir/link.txt --verbose=1
/gpfs/softs/spack/opt/spack/linux-centos7-haswell/gcc-4.8.5/gcc-11.2.0-mpv3i3uebzvnvz7wxn6ywysd5hftycj3/bin/gcc CMakeFiles/cmTC_ccf43.dir/src.c.o -o cmTC_ccf43 
CMakeFiles/cmTC_ccf43.dir/src.c.o: En la función `main':
src.c:(.text+0x2d): referencia a `pthread_create' sin definir
src.c:(.text+0x39): referencia a `pthread_detach' sin definir
src.c:(.text+0x45): referencia a `pthread_cancel' sin definir
src.c:(.text+0x56): referencia a `pthread_join' sin definir
src.c:(.text+0x6a): referencia a `pthread_atfork' sin definir
collect2: error: ld returned 1 exit status
gmake[1]: *** [cmTC_ccf43] Error 1
gmake[1]: se sale del directorio `/gpfs/users/fernandezx/internship/reisa_tests/REISA/reduction/P8-SN4-LS268-GS2147-I25-AN4-D2023-06-14_14:26:02/CMakeFiles/CMakeTmp'
gmake: *** [cmTC_ccf43/fast] Error 2


Source file was:
#include <pthread.h>

static void* test_func(void* data)
{
  return data;
}

int main(void)
{
  pthread_t thread;
  pthread_create(&thread, NULL, test_func, NULL);
  pthread_detach(thread);
  pthread_cancel(thread);
  pthread_join(thread, NULL);
  pthread_atfork(NULL, NULL, NULL);
  pthread_exit(NULL);

  return 0;
}

Determining if the function pthread_create exists in the pthreads failed with the following output:
Change Dir: /gpfs/users/fernandezx/internship/reisa_tests/REISA/reduction/P8-SN4-LS268-GS2147-I25-AN4-D2023-06-14_14:26:02/CMakeFiles/CMakeTmp

Run Build Command(s):/usr/bin/gmake -f Makefile cmTC_0992c/fast && /usr/bin/gmake  -f CMakeFiles/cmTC_0992c.dir/build.make CMakeFiles/cmTC_0992c.dir/build
gmake[1]: se ingresa al directorio `/gpfs/users/fernandezx/internship/reisa_tests/REISA/reduction/P8-SN4-LS268-GS2147-I25-AN4-D2023-06-14_14:26:02/CMakeFiles/CMakeTmp'
Building C object CMakeFiles/cmTC_0992c.dir/CheckFunctionExists.c.o
/gpfs/softs/spack/opt/spack/linux-centos7-haswell/gcc-4.8.5/gcc-11.2.0-mpv3i3uebzvnvz7wxn6ywysd5hftycj3/bin/gcc   -DCHECK_FUNCTION_EXISTS=pthread_create -o CMakeFiles/cmTC_0992c.dir/CheckFunctionExists.c.o -c /gpfs/users/fernandezx/spack/opt/spack/linux-centos7-cascadelake/gcc-11.2.0/cmake-3.24.3-ozmdie7tj76e7ljinj2mbyxgkev4xmr2/share/cmake-3.24/Modules/CheckFunctionExists.c
Linking C executable cmTC_0992c
/gpfs/users/fernandezx/spack/opt/spack/linux-centos7-cascadelake/gcc-11.2.0/cmake-3.24.3-ozmdie7tj76e7ljinj2mbyxgkev4xmr2/bin/cmake -E cmake_link_script CMakeFiles/cmTC_0992c.dir/link.txt --verbose=1
/gpfs/softs/spack/opt/spack/linux-centos7-haswell/gcc-4.8.5/gcc-11.2.0-mpv3i3uebzvnvz7wxn6ywysd5hftycj3/bin/gcc  -DCHECK_FUNCTION_EXISTS=pthread_create CMakeFiles/cmTC_0992c.dir/CheckFunctionExists.c.o -o cmTC_0992c  -lpthreads 
/usr/bin/ld: no se puede encontrar -lpthreads
collect2: error: ld returned 1 exit status
gmake[1]: *** [cmTC_0992c] Error 1
gmake[1]: se sale del directorio `/gpfs/users/fernandezx/internship/reisa_tests/REISA/reduction/P8-SN4-LS268-GS2147-I25-AN4-D2023-06-14_14:26:02/CMakeFiles/CMakeTmp'
gmake: *** [cmTC_0992c/fast] Error 2



Detecting C OpenMP failed with the following output:
Change Dir: /gpfs/users/fernandezx/internship/reisa_tests/REISA/reduction/P8-SN4-LS268-GS2147-I25-AN4-D2023-06-14_14:26:02/CMakeFiles/CMakeTmp

Run Build Command(s):/usr/bin/gmake -f Makefile cmTC_96de2/fast && /usr/bin/gmake  -f CMakeFiles/cmTC_96de2.dir/build.make CMakeFiles/cmTC_96de2.dir/build
gmake[1]: se ingresa al directorio `/gpfs/users/fernandezx/internship/reisa_tests/REISA/reduction/P8-SN4-LS268-GS2147-I25-AN4-D2023-06-14_14:26:02/CMakeFiles/CMakeTmp'
CMakeFiles/cmTC_96de2.dir/build.make:76: *** el patrón de objetivo no contiene `%'.  Alto.
gmake[1]: se sale del directorio `/gpfs/users/fernandezx/internship/reisa_tests/REISA/reduction/P8-SN4-LS268-GS2147-I25-AN4-D2023-06-14_14:26:02/CMakeFiles/CMakeTmp'
gmake: *** [cmTC_96de2/fast] Error 2



Detecting CXX OpenMP failed with the following output:
Change Dir: /gpfs/users/fernandezx/internship/reisa_tests/REISA/reduction/P8-SN4-LS268-GS2147-I25-AN4-D2023-06-14_14:26:02/CMakeFiles/CMakeTmp

Run Build Command(s):/usr/bin/gmake -f Makefile cmTC_1e025/fast && /usr/bin/gmake  -f CMakeFiles/cmTC_1e025.dir/build.make CMakeFiles/cmTC_1e025.dir/build
gmake[1]: se ingresa al directorio `/gpfs/users/fernandezx/internship/reisa_tests/REISA/reduction/P8-SN4-LS268-GS2147-I25-AN4-D2023-06-14_14:26:02/CMakeFiles/CMakeTmp'
CMakeFiles/cmTC_1e025.dir/build.make:76: *** el patrón de objetivo no contiene `%'.  Alto.
gmake[1]: se sale del directorio `/gpfs/users/fernandezx/internship/reisa_tests/REISA/reduction/P8-SN4-LS268-GS2147-I25-AN4-D2023-06-14_14:26:02/CMakeFiles/CMakeTmp'
gmake: *** [cmTC_1e025/fast] Error 2



