Slurm job started at 14/06/2023_13:55:24

In transit.
Initing Ray (1 head node + 2 worker nodes + 4 simulation nodes) on nodes: 
	node001 node002 node003 node009 node010 node011 node013
Head node: 10.7.0.1:6379

/gpfs/users/fernandezx/internship/reisa_tests/REISA/derivative/P128-SN4-LS1-GS134-I12-AN2-D2023-06-14_13:43:28/./simulation: error while loading shared libraries: libpdi.so.1: cannot open shared object file: No such file or directory
/gpfs/users/fernandezx/internship/reisa_tests/REISA/derivative/P128-SN4-LS1-GS134-I12-AN2-D2023-06-14_13:43:28/./simulation: error while loading shared libraries: libpdi.so.1: cannot open shared object file: No such file or directory
/gpfs/users/fernandezx/internship/reisa_tests/REISA/derivative/P128-SN4-LS1-GS134-I12-AN2-D2023-06-14_13:43:28/./simulation: error while loading shared libraries: libpdi.so.1: cannot open shared object file: No such file or directory
/gpfs/users/fernandezx/internship/reisa_tests/REISA/derivative/P128-SN4-LS1-GS134-I12-AN2-D2023-06-14_13:43:28/./simulation: error while loading shared libraries: libpdi.so.1: cannot open shared object file: No such file or directory
/gpfs/users/fernandezx/internship/reisa_tests/REISA/derivative/P128-SN4-LS1-GS134-I12-AN2-D2023-06-14_13:43:28/./simulation: error while loading shared libraries: libpdi.so.1: cannot open shared object file: No such file or directory
/gpfs/users/fernandezx/internship/reisa_tests/REISA/derivative/P128-SN4-LS1-GS134-I12-AN2-D2023-06-14_13:43:28/./simulation: error while loading shared libraries: libpdi.so.1: cannot open shared object file: No such file or directory
/gpfs/users/fernandezx/internship/reisa_tests/REISA/derivative/P128-SN4-LS1-GS134-I12-AN2-D2023-06-14_13:43:28/./simulation: error while loading shared libraries: libpdi.so.1: cannot open shared object file: No such file or directory
/gpfs/users/fernandezx/internship/reisa_tests/REISA/derivative/P128-SN4-LS1-GS134-I12-AN2-D2023-06-14_13:43:28/./simulation: error while loading shared libraries: libpdi.so.1: cannot open shared object file: No such file or directory
/gpfs/users/fernandezx/internship/reisa_tests/REISA/derivative/P128-SN4-LS1-GS134-I12-AN2-D2023-06-14_13:43:28/./simulation: error while loading shared libraries: libpdi.so.1: cannot open shared object file: No such file or directory
/gpfs/users/fernandezx/internship/reisa_tests/REISA/derivative/P128-SN4-LS1-GS134-I12-AN2-D2023-06-14_13:43:28/./simulation: error while loading shared libraries: libpdi.so.1: cannot open shared object file: No such file or directory
/gpfs/users/fernandezx/internship/reisa_tests/REISA/derivative/P128-SN4-LS1-GS134-I12-AN2-D2023-06-14_13:43:28/./simulation: error while loading shared libraries: libpdi.so.1: cannot open shared object file: No such file or directory
/gpfs/users/fernandezx/internship/reisa_tests/REISA/derivative/P128-SN4-LS1-GS134-I12-AN2-D2023-06-14_13:43:28/./simulation: error while loading shared libraries: libpdi.so.1: cannot open shared object file: No such file or directory
/gpfs/users/fernandezx/internship/reisa_tests/REISA/derivative/P128-SN4-LS1-GS134-I12-AN2-D2023-06-14_13:43:28/./simulation: error while loading shared libraries: libpdi.so.1: cannot open shared object file: No such file or directory
/gpfs/users/fernandezx/internship/reisa_tests/REISA/derivative/P128-SN4-LS1-GS134-I12-AN2-D2023-06-14_13:43:28/./simulation: error while loading shared libraries: libpdi.so.1: cannot open shared object file: No such file or directory
/gpfs/users/fernandezx/internship/reisa_tests/REISA/derivative/P128-SN4-LS1-GS134-I12-AN2-D2023-06-14_13:43:28/./simulation: error while loading shared libraries: libpdi.so.1: cannot open shared object file: No such file or directory
/gpfs/users/fernandezx/internship/reisa_tests/REISA/derivative/P128-SN4-LS1-GS134-I12-AN2-D2023-06-14_13:43:28/./simulation: error while loading shared libraries: libpdi.so.1: cannot open shared object file: No such file or directory
/gpfs/users/fernandezx/internship/reisa_tests/REISA/derivative/P128-SN4-LS1-GS134-I12-AN2-D2023-06-14_13:43:28/./simulation: error while loading shared libraries: libpdi.so.1: cannot open shared object file: No such file or directory
/gpfs/users/fernandezx/internship/reisa_tests/REISA/derivative/P128-SN4-LS1-GS134-I12-AN2-D2023-06-14_13:43:28/./simulation: error while loading shared libraries: libpdi.so.1: cannot open shared object file: No such file or directory
/gpfs/users/fernandezx/internship/reisa_tests/REISA/derivative/P128-SN4-LS1-GS134-I12-AN2-D2023-06-14_13:43:28/./simulation: error while loading shared libraries: libpdi.so.1: cannot open shared object file: No such file or directory
/gpfs/users/fernandezx/internship/reisa_tests/REISA/derivative/P128-SN4-LS1-GS134-I12-AN2-D2023-06-14_13:43:28/./simulation: error while loading shared libraries: libpdi.so.1: cannot open shared object file: No such file or directory
/gpfs/users/fernandezx/internship/reisa_tests/REISA/derivative/P128-SN4-LS1-GS134-I12-AN2-D2023-06-14_13:43:28/./simulation: error while loading shared libraries: libpdi.so.1: cannot open shared object file: No such file or directory
/gpfs/users/fernandezx/internship/reisa_tests/REISA/derivative/P128-SN4-LS1-GS134-I12-AN2-D2023-06-14_13:43:28/./simulation: error while loading shared libraries: libpdi.so.1: cannot open shared object file: No such file or directory
/gpfs/users/fernandezx/internship/reisa_tests/REISA/derivative/P128-SN4-LS1-GS134-I12-AN2-D2023-06-14_13:43:28/./simulation: error while loading shared libraries: libpdi.so.1: cannot open shared object file: No such file or directory
/gpfs/users/fernandezx/internship/reisa_tests/REISA/derivative/P128-SN4-LS1-GS134-I12-AN2-D2023-06-14_13:43:28/./simulation: error while loading shared libraries: libpdi.so.1: cannot open shared object file: No such file or directory
/gpfs/users/fernandezx/internship/reisa_tests/REISA/derivative/P128-SN4-LS1-GS134-I12-AN2-D2023-06-14_13:43:28/./simulation: error while loading shared libraries: libpdi.so.1: cannot open shared object file: No such file or directory
/gpfs/users/fernandezx/internship/reisa_tests/REISA/derivative/P128-SN4-LS1-GS134-I12-AN2-D2023-06-14_13:43:28/./simulation: error while loading shared libraries: libpdi.so.1: cannot open shared object file: No such file or directory
/gpfs/users/fernandezx/internship/reisa_tests/REISA/derivative/P128-SN4-LS1-GS134-I12-AN2-D2023-06-14_13:43:28/./simulation: error while loading shared libraries: libpdi.so.1: cannot open shared object file: No such file or directory
/gpfs/users/fernandezx/internship/reisa_tests/REISA/derivative/P128-SN4-LS1-GS134-I12-AN2-D2023-06-14_13:43:28/./simulation: error while loading shared libraries: libpdi.so.1: cannot open shared object file: No such file or directory
/gpfs/users/fernandezx/internship/reisa_tests/REISA/derivative/P128-SN4-LS1-GS134-I12-AN2-D2023-06-14_13:43:28/./simulation: error while loading shared libraries: libpdi.so.1: cannot open shared object file: No such file or directory
/gpfs/users/fernandezx/internship/reisa_tests/REISA/derivative/P128-SN4-LS1-GS134-I12-AN2-D2023-06-14_13:43:28/./simulation: error while loading shared libraries: libpdi.so.1: cannot open shared object file: No such file or directory
/gpfs/users/fernandezx/internship/reisa_tests/REISA/derivative/P128-SN4-LS1-GS134-I12-AN2-D2023-06-14_13:43:28/./simulation: error while loading shared libraries: libpdi.so.1: cannot open shared object file: No such file or directory
/gpfs/users/fernandezx/internship/reisa_tests/REISA/derivative/P128-SN4-LS1-GS134-I12-AN2-D2023-06-14_13:43:28/./simulation: error while loading shared libraries: libpdi.so.1: cannot open shared object file: No such file or directory
/gpfs/users/fernandezx/internship/reisa_tests/REISA/derivative/P128-SN4-LS1-GS134-I12-AN2-D2023-06-14_13:43:28/./simulation: error while loading shared libraries: libpdi.so.1: cannot open shared object file: No such file or directory
/gpfs/users/fernandezx/internship/reisa_tests/REISA/derivative/P128-SN4-LS1-GS134-I12-AN2-D2023-06-14_13:43:28/./simulation: error while loading shared libraries: libpdi.so.1: cannot open shared object file: No such file or directory
/gpfs/users/fernandezx/internship/reisa_tests/REISA/derivative/P128-SN4-LS1-GS134-I12-AN2-D2023-06-14_13:43:28/./simulation: error while loading shared libraries: libpdi.so.1: cannot open shared object file: No such file or directory
/gpfs/users/fernandezx/internship/reisa_tests/REISA/derivative/P128-SN4-LS1-GS134-I12-AN2-D2023-06-14_13:43:28/./simulation: error while loading shared libraries: libpdi.so.1: cannot open shared object file: No such file or directory
/gpfs/users/fernandezx/internship/reisa_tests/REISA/derivative/P128-SN4-LS1-GS134-I12-AN2-D2023-06-14_13:43:28/./simulation: error while loading shared libraries: libpdi.so.1: cannot open shared object file: No such file or directory
/gpfs/users/fernandezx/internship/reisa_tests/REISA/derivative/P128-SN4-LS1-GS134-I12-AN2-D2023-06-14_13:43:28/./simulation: error while loading shared libraries: libpdi.so.1: cannot open shared object file: No such file or directory
/gpfs/users/fernandezx/internship/reisa_tests/REISA/derivative/P128-SN4-LS1-GS134-I12-AN2-D2023-06-14_13:43:28/./simulation: error while loading shared libraries: libpdi.so.1: cannot open shared object file: No such file or directory
/gpfs/users/fernandezx/internship/reisa_tests/REISA/derivative/P128-SN4-LS1-GS134-I12-AN2-D2023-06-14_13:43:28/./simulation: error while loading shared libraries: libpdi.so.1: cannot open shared object file: No such file or directory
/gpfs/users/fernandezx/internship/reisa_tests/REISA/derivative/P128-SN4-LS1-GS134-I12-AN2-D2023-06-14_13:43:28/./simulation: error while loading shared libraries: libpdi.so.1: cannot open shared object file: No such file or directory
/gpfs/users/fernandezx/internship/reisa_tests/REISA/derivative/P128-SN4-LS1-GS134-I12-AN2-D2023-06-14_13:43:28/./simulation: error while loading shared libraries: libpdi.so.1: cannot open shared object file: No such file or directory
/gpfs/users/fernandezx/internship/reisa_tests/REISA/derivative/P128-SN4-LS1-GS134-I12-AN2-D2023-06-14_13:43:28/./simulation: error while loading shared libraries: libpdi.so.1: cannot open shared object file: No such file or directory
/gpfs/users/fernandezx/internship/reisa_tests/REISA/derivative/P128-SN4-LS1-GS134-I12-AN2-D2023-06-14_13:43:28/./simulation: error while loading shared libraries: libpdi.so.1: cannot open shared object file: No such file or directory
/gpfs/users/fernandezx/internship/reisa_tests/REISA/derivative/P128-SN4-LS1-GS134-I12-AN2-D2023-06-14_13:43:28/./simulation: error while loading shared libraries: libpdi.so.1: cannot open shared object file: No such file or directory
/gpfs/users/fernandezx/internship/reisa_tests/REISA/derivative/P128-SN4-LS1-GS134-I12-AN2-D2023-06-14_13:43:28/./simulation: error while loading shared libraries: libpdi.so.1: cannot open shared object file: No such file or directory
/gpfs/users/fernandezx/internship/reisa_tests/REISA/derivative/P128-SN4-LS1-GS134-I12-AN2-D2023-06-14_13:43:28/./simulation: error while loading shared libraries: libpdi.so.1: cannot open shared object file: No such file or directory
/gpfs/users/fernandezx/internship/reisa_tests/REISA/derivative/P128-SN4-LS1-GS134-I12-AN2-D2023-06-14_13:43:28/./simulation: error while loading shared libraries: libpdi.so.1: cannot open shared object file: No such file or directory
/gpfs/users/fernandezx/internship/reisa_tests/REISA/derivative/P128-SN4-LS1-GS134-I12-AN2-D2023-06-14_13:43:28/./simulation: error while loading shared libraries: libpdi.so.1: cannot open shared object file: No such file or directory
/gpfs/users/fernandezx/internship/reisa_tests/REISA/derivative/P128-SN4-LS1-GS134-I12-AN2-D2023-06-14_13:43:28/./simulation: error while loading shared libraries: libpdi.so.1: cannot open shared object file: No such file or directory
/gpfs/users/fernandezx/internship/reisa_tests/REISA/derivative/P128-SN4-LS1-GS134-I12-AN2-D2023-06-14_13:43:28/./simulation: error while loading shared libraries: libpdi.so.1: cannot open shared object file: No such file or directory
/gpfs/users/fernandezx/internship/reisa_tests/REISA/derivative/P128-SN4-LS1-GS134-I12-AN2-D2023-06-14_13:43:28/./simulation: error while loading shared libraries: libpdi.so.1: cannot open shared object file: No such file or directory
/gpfs/users/fernandezx/internship/reisa_tests/REISA/derivative/P128-SN4-LS1-GS134-I12-AN2-D2023-06-14_13:43:28/./simulation: error while loading shared libraries: libpdi.so.1: cannot open shared object file: No such file or directory
/gpfs/users/fernandezx/internship/reisa_tests/REISA/derivative/P128-SN4-LS1-GS134-I12-AN2-D2023-06-14_13:43:28/./simulation: error while loading shared libraries: libpdi.so.1: cannot open shared object file: No such file or directory
/gpfs/users/fernandezx/internship/reisa_tests/REISA/derivative/P128-SN4-LS1-GS134-I12-AN2-D2023-06-14_13:43:28/./simulation: error while loading shared libraries: libpdi.so.1: cannot open shared object file: No such file or directory
/gpfs/users/fernandezx/internship/reisa_tests/REISA/derivative/P128-SN4-LS1-GS134-I12-AN2-D2023-06-14_13:43:28/./simulation: error while loading shared libraries: libpdi.so.1: cannot open shared object file: No such file or directory
/gpfs/users/fernandezx/internship/reisa_tests/REISA/derivative/P128-SN4-LS1-GS134-I12-AN2-D2023-06-14_13:43:28/./simulation: error while loading shared libraries: libpdi.so.1: cannot open shared object file: No such file or directory
/gpfs/users/fernandezx/internship/reisa_tests/REISA/derivative/P128-SN4-LS1-GS134-I12-AN2-D2023-06-14_13:43:28/./simulation: error while loading shared libraries: libpdi.so.1: cannot open shared object file: No such file or directory
/gpfs/users/fernandezx/internship/reisa_tests/REISA/derivative/P128-SN4-LS1-GS134-I12-AN2-D2023-06-14_13:43:28/./simulation: error while loading shared libraries: libpdi.so.1: cannot open shared object file: No such file or directory
/gpfs/users/fernandezx/internship/reisa_tests/REISA/derivative/P128-SN4-LS1-GS134-I12-AN2-D2023-06-14_13:43:28/./simulation: error while loading shared libraries: libpdi.so.1: cannot open shared object file: No such file or directory
/gpfs/users/fernandezx/internship/reisa_tests/REISA/derivative/P128-SN4-LS1-GS134-I12-AN2-D2023-06-14_13:43:28/./simulation: error while loading shared libraries: libpdi.so.1: cannot open shared object file: No such file or directory
/gpfs/users/fernandezx/internship/reisa_tests/REISA/derivative/P128-SN4-LS1-GS134-I12-AN2-D2023-06-14_13:43:28/./simulation: error while loading shared libraries: libpdi.so.1: cannot open shared object file: No such file or directory
/gpfs/users/fernandezx/internship/reisa_tests/REISA/derivative/P128-SN4-LS1-GS134-I12-AN2-D2023-06-14_13:43:28/./simulation: error while loading shared libraries: libpdi.so.1: cannot open shared object file: No such file or directory
/gpfs/users/fernandezx/internship/reisa_tests/REISA/derivative/P128-SN4-LS1-GS134-I12-AN2-D2023-06-14_13:43:28/./simulation: error while loading shared libraries: libpdi.so.1: cannot open shared object file: No such file or directory
/gpfs/users/fernandezx/internship/reisa_tests/REISA/derivative/P128-SN4-LS1-GS134-I12-AN2-D2023-06-14_13:43:28/./simulation: error while loading shared libraries: libpdi.so.1: cannot open shared object file: No such file or directory
/gpfs/users/fernandezx/internship/reisa_tests/REISA/derivative/P128-SN4-LS1-GS134-I12-AN2-D2023-06-14_13:43:28/./simulation: error while loading shared libraries: libpdi.so.1: cannot open shared object file: No such file or directory
/gpfs/users/fernandezx/internship/reisa_tests/REISA/derivative/P128-SN4-LS1-GS134-I12-AN2-D2023-06-14_13:43:28/./simulation: error while loading shared libraries: libpdi.so.1: cannot open shared object file: No such file or directory
/gpfs/users/fernandezx/internship/reisa_tests/REISA/derivative/P128-SN4-LS1-GS134-I12-AN2-D2023-06-14_13:43:28/./simulation: error while loading shared libraries: libpdi.so.1: cannot open shared object file: No such file or directory
/gpfs/users/fernandezx/internship/reisa_tests/REISA/derivative/P128-SN4-LS1-GS134-I12-AN2-D2023-06-14_13:43:28/./simulation: error while loading shared libraries: libpdi.so.1: cannot open shared object file: No such file or directory
/gpfs/users/fernandezx/internship/reisa_tests/REISA/derivative/P128-SN4-LS1-GS134-I12-AN2-D2023-06-14_13:43:28/./simulation: error while loading shared libraries: libpdi.so.1: cannot open shared object file: No such file or directory
/gpfs/users/fernandezx/internship/reisa_tests/REISA/derivative/P128-SN4-LS1-GS134-I12-AN2-D2023-06-14_13:43:28/./simulation: error while loading shared libraries: libpdi.so.1: cannot open shared object file: No such file or directory
/gpfs/users/fernandezx/internship/reisa_tests/REISA/derivative/P128-SN4-LS1-GS134-I12-AN2-D2023-06-14_13:43:28/./simulation: error while loading shared libraries: libpdi.so.1: cannot open shared object file: No such file or directory
/gpfs/users/fernandezx/internship/reisa_tests/REISA/derivative/P128-SN4-LS1-GS134-I12-AN2-D2023-06-14_13:43:28/./simulation: error while loading shared libraries: libpdi.so.1: cannot open shared object file: No such file or directory
/gpfs/users/fernandezx/internship/reisa_tests/REISA/derivative/P128-SN4-LS1-GS134-I12-AN2-D2023-06-14_13:43:28/./simulation: error while loading shared libraries: libpdi.so.1: cannot open shared object file: No such file or directory
/gpfs/users/fernandezx/internship/reisa_tests/REISA/derivative/P128-SN4-LS1-GS134-I12-AN2-D2023-06-14_13:43:28/./simulation: error while loading shared libraries: libpdi.so.1: cannot open shared object file: No such file or directory
/gpfs/users/fernandezx/internship/reisa_tests/REISA/derivative/P128-SN4-LS1-GS134-I12-AN2-D2023-06-14_13:43:28/./simulation: error while loading shared libraries: libpdi.so.1: cannot open shared object file: No such file or directory
/gpfs/users/fernandezx/internship/reisa_tests/REISA/derivative/P128-SN4-LS1-GS134-I12-AN2-D2023-06-14_13:43:28/./simulation: error while loading shared libraries: libpdi.so.1: cannot open shared object file: No such file or directory
/gpfs/users/fernandezx/internship/reisa_tests/REISA/derivative/P128-SN4-LS1-GS134-I12-AN2-D2023-06-14_13:43:28/./simulation: error while loading shared libraries: libpdi.so.1: cannot open shared object file: No such file or directory
/gpfs/users/fernandezx/internship/reisa_tests/REISA/derivative/P128-SN4-LS1-GS134-I12-AN2-D2023-06-14_13:43:28/./simulation: error while loading shared libraries: libpdi.so.1: cannot open shared object file: No such file or directory
/gpfs/users/fernandezx/internship/reisa_tests/REISA/derivative/P128-SN4-LS1-GS134-I12-AN2-D2023-06-14_13:43:28/./simulation: error while loading shared libraries: libpdi.so.1: cannot open shared object file: No such file or directory
/gpfs/users/fernandezx/internship/reisa_tests/REISA/derivative/P128-SN4-LS1-GS134-I12-AN2-D2023-06-14_13:43:28/./simulation: error while loading shared libraries: libpdi.so.1: cannot open shared object file: No such file or directory
/gpfs/users/fernandezx/internship/reisa_tests/REISA/derivative/P128-SN4-LS1-GS134-I12-AN2-D2023-06-14_13:43:28/./simulation: error while loading shared libraries: libpdi.so.1: cannot open shared object file: No such file or directory
/gpfs/users/fernandezx/internship/reisa_tests/REISA/derivative/P128-SN4-LS1-GS134-I12-AN2-D2023-06-14_13:43:28/./simulation: error while loading shared libraries: libpdi.so.1: cannot open shared object file: No such file or directory
/gpfs/users/fernandezx/internship/reisa_tests/REISA/derivative/P128-SN4-LS1-GS134-I12-AN2-D2023-06-14_13:43:28/./simulation: error while loading shared libraries: libpdi.so.1: cannot open shared object file: No such file or directory
/gpfs/users/fernandezx/internship/reisa_tests/REISA/derivative/P128-SN4-LS1-GS134-I12-AN2-D2023-06-14_13:43:28/./simulation: error while loading shared libraries: libpdi.so.1: cannot open shared object file: No such file or directory
/gpfs/users/fernandezx/internship/reisa_tests/REISA/derivative/P128-SN4-LS1-GS134-I12-AN2-D2023-06-14_13:43:28/./simulation: error while loading shared libraries: libpdi.so.1: cannot open shared object file: No such file or directory
/gpfs/users/fernandezx/internship/reisa_tests/REISA/derivative/P128-SN4-LS1-GS134-I12-AN2-D2023-06-14_13:43:28/./simulation: error while loading shared libraries: libpdi.so.1: cannot open shared object file: No such file or directory
/gpfs/users/fernandezx/internship/reisa_tests/REISA/derivative/P128-SN4-LS1-GS134-I12-AN2-D2023-06-14_13:43:28/./simulation: error while loading shared libraries: libpdi.so.1: cannot open shared object file: No such file or directory
/gpfs/users/fernandezx/internship/reisa_tests/REISA/derivative/P128-SN4-LS1-GS134-I12-AN2-D2023-06-14_13:43:28/./simulation: error while loading shared libraries: libpdi.so.1: cannot open shared object file: No such file or directory
/gpfs/users/fernandezx/internship/reisa_tests/REISA/derivative/P128-SN4-LS1-GS134-I12-AN2-D2023-06-14_13:43:28/./simulation: error while loading shared libraries: libpdi.so.1: cannot open shared object file: No such file or directory
/gpfs/users/fernandezx/internship/reisa_tests/REISA/derivative/P128-SN4-LS1-GS134-I12-AN2-D2023-06-14_13:43:28/./simulation: error while loading shared libraries: libpdi.so.1: cannot open shared object file: No such file or directory
/gpfs/users/fernandezx/internship/reisa_tests/REISA/derivative/P128-SN4-LS1-GS134-I12-AN2-D2023-06-14_13:43:28/./simulation: error while loading shared libraries: libpdi.so.1: cannot open shared object file: No such file or directory
/gpfs/users/fernandezx/internship/reisa_tests/REISA/derivative/P128-SN4-LS1-GS134-I12-AN2-D2023-06-14_13:43:28/./simulation: error while loading shared libraries: libpdi.so.1: cannot open shared object file: No such file or directory
/gpfs/users/fernandezx/internship/reisa_tests/REISA/derivative/P128-SN4-LS1-GS134-I12-AN2-D2023-06-14_13:43:28/./simulation: error while loading shared libraries: libpdi.so.1: cannot open shared object file: No such file or directory
/gpfs/users/fernandezx/internship/reisa_tests/REISA/derivative/P128-SN4-LS1-GS134-I12-AN2-D2023-06-14_13:43:28/./simulation: error while loading shared libraries: libpdi.so.1: cannot open shared object file: No such file or directory
/gpfs/users/fernandezx/internship/reisa_tests/REISA/derivative/P128-SN4-LS1-GS134-I12-AN2-D2023-06-14_13:43:28/./simulation: error while loading shared libraries: libpdi.so.1: cannot open shared object file: No such file or directory
/gpfs/users/fernandezx/internship/reisa_tests/REISA/derivative/P128-SN4-LS1-GS134-I12-AN2-D2023-06-14_13:43:28/./simulation: error while loading shared libraries: libpdi.so.1: cannot open shared object file: No such file or directory
/gpfs/users/fernandezx/internship/reisa_tests/REISA/derivative/P128-SN4-LS1-GS134-I12-AN2-D2023-06-14_13:43:28/./simulation: error while loading shared libraries: libpdi.so.1: cannot open shared object file: No such file or directory
/gpfs/users/fernandezx/internship/reisa_tests/REISA/derivative/P128-SN4-LS1-GS134-I12-AN2-D2023-06-14_13:43:28/./simulation: error while loading shared libraries: libpdi.so.1: cannot open shared object file: No such file or directory
/gpfs/users/fernandezx/internship/reisa_tests/REISA/derivative/P128-SN4-LS1-GS134-I12-AN2-D2023-06-14_13:43:28/./simulation: error while loading shared libraries: libpdi.so.1: cannot open shared object file: No such file or directory
/gpfs/users/fernandezx/internship/reisa_tests/REISA/derivative/P128-SN4-LS1-GS134-I12-AN2-D2023-06-14_13:43:28/./simulation: error while loading shared libraries: libpdi.so.1: cannot open shared object file: No such file or directory
/gpfs/users/fernandezx/internship/reisa_tests/REISA/derivative/P128-SN4-LS1-GS134-I12-AN2-D2023-06-14_13:43:28/./simulation: error while loading shared libraries: libpdi.so.1: cannot open shared object file: No such file or directory
/gpfs/users/fernandezx/internship/reisa_tests/REISA/derivative/P128-SN4-LS1-GS134-I12-AN2-D2023-06-14_13:43:28/./simulation: error while loading shared libraries: libpdi.so.1: cannot open shared object file: No such file or directory
/gpfs/users/fernandezx/internship/reisa_tests/REISA/derivative/P128-SN4-LS1-GS134-I12-AN2-D2023-06-14_13:43:28/./simulation: error while loading shared libraries: libpdi.so.1: cannot open shared object file: No such file or directory
/gpfs/users/fernandezx/internship/reisa_tests/REISA/derivative/P128-SN4-LS1-GS134-I12-AN2-D2023-06-14_13:43:28/./simulation: error while loading shared libraries: libpdi.so.1: cannot open shared object file: No such file or directory
/gpfs/users/fernandezx/internship/reisa_tests/REISA/derivative/P128-SN4-LS1-GS134-I12-AN2-D2023-06-14_13:43:28/./simulation: error while loading shared libraries: libpdi.so.1: cannot open shared object file: No such file or directory
/gpfs/users/fernandezx/internship/reisa_tests/REISA/derivative/P128-SN4-LS1-GS134-I12-AN2-D2023-06-14_13:43:28/./simulation: error while loading shared libraries: libpdi.so.1: cannot open shared object file: No such file or directory
/gpfs/users/fernandezx/internship/reisa_tests/REISA/derivative/P128-SN4-LS1-GS134-I12-AN2-D2023-06-14_13:43:28/./simulation: error while loading shared libraries: libpdi.so.1: cannot open shared object file: No such file or directory
/gpfs/users/fernandezx/internship/reisa_tests/REISA/derivative/P128-SN4-LS1-GS134-I12-AN2-D2023-06-14_13:43:28/./simulation: error while loading shared libraries: libpdi.so.1: cannot open shared object file: No such file or directory
/gpfs/users/fernandezx/internship/reisa_tests/REISA/derivative/P128-SN4-LS1-GS134-I12-AN2-D2023-06-14_13:43:28/./simulation: error while loading shared libraries: libpdi.so.1: cannot open shared object file: No such file or directory
/gpfs/users/fernandezx/internship/reisa_tests/REISA/derivative/P128-SN4-LS1-GS134-I12-AN2-D2023-06-14_13:43:28/./simulation: error while loading shared libraries: libpdi.so.1: cannot open shared object file: No such file or directory
srun: error: node013: tasks 96-102,104-105,107,109-122,124,126: Exited with exit code 127
srun: error: node010: tasks 32-63: Exited with exit code 127
srun: error: node011: tasks 64-67,69-85,87-88,90,93-95: Exited with exit code 127
srun: error: node009: tasks 0-6,8-10,12-18,20,22-26,28,30-31: Exited with exit code 127

RAY_DEPLOY_TIME:     38.60642
/gpfs/users/fernandezx/internship/reisa_tests/REISA/derivative/P128-SN4-LS1-GS134-I12-AN2-D2023-06-14_13:43:28/./simulation: error while loading shared libraries: libpdi.so.1: cannot open shared object file: No such file or directory
/gpfs/users/fernandezx/internship/reisa_tests/REISA/derivative/P128-SN4-LS1-GS134-I12-AN2-D2023-06-14_13:43:28/./simulation: error while loading shared libraries: libpdi.so.1: cannot open shared object file: No such file or directory
/gpfs/users/fernandezx/internship/reisa_tests/REISA/derivative/P128-SN4-LS1-GS134-I12-AN2-D2023-06-14_13:43:28/./simulation: error while loading shared libraries: libpdi.so.1: cannot open shared object file: No such file or directory
/gpfs/users/fernandezx/internship/reisa_tests/REISA/derivative/P128-SN4-LS1-GS134-I12-AN2-D2023-06-14_13:43:28/./simulation: error while loading shared libraries: libpdi.so.1: cannot open shared object file: No such file or directory
/gpfs/users/fernandezx/internship/reisa_tests/REISA/derivative/P128-SN4-LS1-GS134-I12-AN2-D2023-06-14_13:43:28/./simulation: error while loading shared libraries: libpdi.so.1: cannot open shared object file: No such file or directory
/gpfs/users/fernandezx/internship/reisa_tests/REISA/derivative/P128-SN4-LS1-GS134-I12-AN2-D2023-06-14_13:43:28/./simulation: error while loading shared libraries: libpdi.so.1: cannot open shared object file: No such file or directory
/gpfs/users/fernandezx/internship/reisa_tests/REISA/derivative/P128-SN4-LS1-GS134-I12-AN2-D2023-06-14_13:43:28/./simulation: error while loading shared libraries: libpdi.so.1: cannot open shared object file: No such file or directory
/gpfs/users/fernandezx/internship/reisa_tests/REISA/derivative/P128-SN4-LS1-GS134-I12-AN2-D2023-06-14_13:43:28/./simulation: error while loading shared libraries: libpdi.so.1: cannot open shared object file: No such file or directory
/gpfs/users/fernandezx/internship/reisa_tests/REISA/derivative/P128-SN4-LS1-GS134-I12-AN2-D2023-06-14_13:43:28/./simulation: error while loading shared libraries: libpdi.so.1: cannot open shared object file: No such file or directory
/gpfs/users/fernandezx/internship/reisa_tests/REISA/derivative/P128-SN4-LS1-GS134-I12-AN2-D2023-06-14_13:43:28/./simulation: error while loading shared libraries: libpdi.so.1: cannot open shared object file: No such file or directory
/gpfs/users/fernandezx/internship/reisa_tests/REISA/derivative/P128-SN4-LS1-GS134-I12-AN2-D2023-06-14_13:43:28/./simulation: error while loading shared libraries: libpdi.so.1: cannot open shared object file: No such file or directory
/gpfs/users/fernandezx/internship/reisa_tests/REISA/derivative/P128-SN4-LS1-GS134-I12-AN2-D2023-06-14_13:43:28/./simulation: error while loading shared libraries: libpdi.so.1: cannot open shared object file: No such file or directory
/gpfs/users/fernandezx/internship/reisa_tests/REISA/derivative/P128-SN4-LS1-GS134-I12-AN2-D2023-06-14_13:43:28/./simulation: error while loading shared libraries: libpdi.so.1: cannot open shared object file: No such file or directory
/gpfs/users/fernandezx/internship/reisa_tests/REISA/derivative/P128-SN4-LS1-GS134-I12-AN2-D2023-06-14_13:43:28/./simulation: error while loading shared libraries: libpdi.so.1: cannot open shared object file: No such file or directory
/gpfs/users/fernandezx/internship/reisa_tests/REISA/derivative/P128-SN4-LS1-GS134-I12-AN2-D2023-06-14_13:43:28/./simulation: error while loading shared libraries: libpdi.so.1: cannot open shared object file: No such file or directory
/gpfs/users/fernandezx/internship/reisa_tests/REISA/derivative/P128-SN4-LS1-GS134-I12-AN2-D2023-06-14_13:43:28/./simulation: error while loading shared libraries: libpdi.so.1: cannot open shared object file: No such file or directory
/gpfs/users/fernandezx/internship/reisa_tests/REISA/derivative/P128-SN4-LS1-GS134-I12-AN2-D2023-06-14_13:43:28/./simulation: error while loading shared libraries: libpdi.so.1: cannot open shared object file: No such file or directory
srun: error: node009: tasks 7,11,19,21,27,29: Exited with exit code 127
srun: error: node013: tasks 103,106,108,123,125,127: Exited with exit code 127
srun: error: node011: tasks 68,86,89,91-92: Exited with exit code 127
2023-06-14 13:56:15,842	INFO packaging.py:520 -- Creating a file package for local directory '/gpfs/users/fernandezx/internship/reisa_tests/REISA/derivative/P128-SN4-LS1-GS134-I12-AN2-D2023-06-14_13:43:28'.
2023-06-14 13:56:15,871	INFO packaging.py:347 -- Pushing file package 'gcs://_ray_pkg_9544c7a7b6b8dc40.zip' (0.37MiB) to Ray cluster...
2023-06-14 13:56:15,891	INFO packaging.py:360 -- Successfully pushed file package 'gcs://_ray_pkg_9544c7a7b6b8dc40.zip'.
Traceback (most recent call last):
  File "/gpfs/users/fernandezx/internship/reisa_tests/REISA/derivative/P128-SN4-LS1-GS134-I12-AN2-D2023-06-14_13:43:28/reisa.py", line 121, in get_actors
    self.actors.append(ray.get_actor("ranktor"+str(rank), namespace="mpi"))
  File "/gpfs/users/fernandezx/spack/opt/spack/linux-centos7-cascadelake/gcc-11.2.0/python-3.10.8-gr23wncdlkfsy2ky42hcmljvrpvextag/lib/python3.10/site-packages/ray/_private/client_mode_hook.py", line 104, in wrapper
    return getattr(ray, func.__name__)(*args, **kwargs)
  File "/gpfs/users/fernandezx/spack/opt/spack/linux-centos7-cascadelake/gcc-11.2.0/python-3.10.8-gr23wncdlkfsy2ky42hcmljvrpvextag/lib/python3.10/site-packages/ray/util/client/api.py", line 140, in get_actor
    return self.worker.get_actor(name, namespace)
  File "/gpfs/users/fernandezx/spack/opt/spack/linux-centos7-cascadelake/gcc-11.2.0/python-3.10.8-gr23wncdlkfsy2ky42hcmljvrpvextag/lib/python3.10/site-packages/ray/util/client/worker.py", line 674, in get_actor
    if handle.actor_ref.is_nil():
  File "/gpfs/users/fernandezx/spack/opt/spack/linux-centos7-cascadelake/gcc-11.2.0/python-3.10.8-gr23wncdlkfsy2ky42hcmljvrpvextag/lib/python3.10/site-packages/ray/util/client/common.py", line 230, in is_nil
    self._wait_for_id()
  File "/gpfs/users/fernandezx/spack/opt/spack/linux-centos7-cascadelake/gcc-11.2.0/python-3.10.8-gr23wncdlkfsy2ky42hcmljvrpvextag/lib/python3.10/site-packages/ray/util/client/common.py", line 249, in _wait_for_id
    self._set_id(self._id_future.result(timeout=timeout))
  File "/gpfs/users/fernandezx/spack/opt/spack/linux-centos7-cascadelake/gcc-11.2.0/python-3.10.8-gr23wncdlkfsy2ky42hcmljvrpvextag/lib/python3.10/concurrent/futures/_base.py", line 458, in result
    return self.__get_result()
  File "/gpfs/users/fernandezx/spack/opt/spack/linux-centos7-cascadelake/gcc-11.2.0/python-3.10.8-gr23wncdlkfsy2ky42hcmljvrpvextag/lib/python3.10/concurrent/futures/_base.py", line 403, in __get_result
    raise self._exception
ValueError: Failed to look up actor with name 'ranktor0'. This could because 1. You are trying to look up a named actor you didn't create. 2. The named actor died. 3. You did not use a namespace matching the namespace of the actor.

During handling of the above exception, another exception occurred:

Traceback (most recent call last):
  File "/gpfs/users/fernandezx/internship/reisa_tests/REISA/derivative/P128-SN4-LS1-GS134-I12-AN2-D2023-06-14_13:43:28/derivative.py", line 41, in <module>
    result = handler.get_result(process_func, iter_func, global_func=global_func, selected_iters=iterations, kept_iters=5, timeline=False)
  File "/gpfs/users/fernandezx/internship/reisa_tests/REISA/derivative/P128-SN4-LS1-GS134-I12-AN2-D2023-06-14_13:43:28/reisa.py", line 65, in get_result
    actors = self.get_actors()
  File "/gpfs/users/fernandezx/internship/reisa_tests/REISA/derivative/P128-SN4-LS1-GS134-I12-AN2-D2023-06-14_13:43:28/reisa.py", line 128, in get_actors
    raise Exception("Cannot get the Ray actors. Client is exiting")
Exception: Cannot get the Ray actors. Client is exiting
srun: error: node002: task 0: Exited with exit code 1

Slurm job finished at 14/06/2023_13:57:19
