Slurm job started at 15/06/2023_16:59:15

In transit.
Initing Ray (1 head node + 8 worker nodes + 16 simulation nodes) on nodes: 
	node001 node002 node003 node005 node006 node007 node009 node010 node011 node013 node014 node017 node018 node019 node021 node022 node025 node089 node091 node136 node137 node138 node141 node142 node144
Head node: 10.7.0.1:6379

Environment loaded for PDI version 1.6.0

RAY_DEPLOY_TIME:     37.62847
2023-06-15 16:59:56,756	INFO packaging.py:520 -- Creating a file package for local directory '/gpfs/users/fernandezx/internship/reisa_tests/E3/REISA/derivative/P512-SN16-LS1-GS536-I12-AN8-D2023-06-15_14:25:05'.
2023-06-15 16:59:56,777	INFO packaging.py:347 -- Pushing file package 'gcs://_ray_pkg_ce72f1d4c87c8bb6.zip' (0.34MiB) to Ray cluster...
2023-06-15 16:59:56,792	INFO packaging.py:360 -- Successfully pushed file package 'gcs://_ray_pkg_ce72f1d4c87c8bb6.zip'.
RAY_INIT_TIME:       4.60225
GLOBAL_PUT_TIME:     0.12598133087158203 (avg:0.01050)
ACTOR_CONCURRENCY:   8
SIMULATION_TIME:     18.987096008000002 (avg: 1.582258000666667)
SIM_WTHOUT_PDI:      7.768688239000003 (avg: 0.647390686583334)
PDI_DELAY:           11.218407768999999 (avg: 0.934867314083333)

GLOBAL_SIZE_(GiB):   512
LOCAL_SIZE_(MiB):    1
ITERATIONS:          12

MPI_PER_NODE:        32
MPI_PARALLELISM:     512

WORKER_NODES:        8
CPUS_PER_WORKER:     30
WORKER_PARALLELISM:  240


SLURM_JOB_ID:        4680041
EST_ANALYTICS_TIME:  20.06835 (avg:1.67236)
[2m[33m(raylet, ip=10.6.0.7)[0m [2023-06-15 17:00:23,929 E 235573 235573] logging.cc:97: Unhandled exception: St12system_error. what(): Resource temporarily unavailable
[2m[33m(raylet, ip=10.6.0.7)[0m [2023-06-15 17:00:23,932 E 235584 235584] logging.cc:97: Unhandled exception: St12system_error. what(): Resource temporarily unavailable

Slurm job finished at 15/06/2023_17:00:24
