Performing C SOURCE FILE Test CMAKE_HAVE_LIBC_PTHREAD failed with the following output:
Change Dir: /gpfs/users/fernandezx/internship/reisa_tests/REISA/derivative/P4-SN2-LS536-GS2147-I12-AN2-D2023-06-14_09:44:38/CMakeFiles/CMakeTmp

Run Build Command(s):/usr/bin/gmake -f Makefile cmTC_06000/fast && /usr/bin/gmake  -f CMakeFiles/cmTC_06000.dir/build.make CMakeFiles/cmTC_06000.dir/build
gmake[1]: se ingresa al directorio `/gpfs/users/fernandezx/internship/reisa_tests/REISA/derivative/P4-SN2-LS536-GS2147-I12-AN2-D2023-06-14_09:44:38/CMakeFiles/CMakeTmp'
Building C object CMakeFiles/cmTC_06000.dir/src.c.o
/gpfs/softs/spack/opt/spack/linux-centos7-haswell/gcc-4.8.5/gcc-11.2.0-mpv3i3uebzvnvz7wxn6ywysd5hftycj3/bin/gcc -DCMAKE_HAVE_LIBC_PTHREAD   -o CMakeFiles/cmTC_06000.dir/src.c.o -c /gpfs/users/fernandezx/internship/reisa_tests/REISA/derivative/P4-SN2-LS536-GS2147-I12-AN2-D2023-06-14_09:44:38/CMakeFiles/CMakeTmp/src.c
Linking C executable cmTC_06000
/gpfs/users/fernandezx/spack/opt/spack/linux-centos7-cascadelake/gcc-11.2.0/cmake-3.24.3-ozmdie7tj76e7ljinj2mbyxgkev4xmr2/bin/cmake -E cmake_link_script CMakeFiles/cmTC_06000.dir/link.txt --verbose=1
/gpfs/softs/spack/opt/spack/linux-centos7-haswell/gcc-4.8.5/gcc-11.2.0-mpv3i3uebzvnvz7wxn6ywysd5hftycj3/bin/gcc CMakeFiles/cmTC_06000.dir/src.c.o -o cmTC_06000 
CMakeFiles/cmTC_06000.dir/src.c.o: En la función `main':
src.c:(.text+0x2d): referencia a `pthread_create' sin definir
src.c:(.text+0x39): referencia a `pthread_detach' sin definir
src.c:(.text+0x45): referencia a `pthread_cancel' sin definir
src.c:(.text+0x56): referencia a `pthread_join' sin definir
src.c:(.text+0x6a): referencia a `pthread_atfork' sin definir
collect2: error: ld returned 1 exit status
gmake[1]: *** [cmTC_06000] Error 1
gmake[1]: se sale del directorio `/gpfs/users/fernandezx/internship/reisa_tests/REISA/derivative/P4-SN2-LS536-GS2147-I12-AN2-D2023-06-14_09:44:38/CMakeFiles/CMakeTmp'
gmake: *** [cmTC_06000/fast] Error 2


Source file was:
#include <pthread.h>

static void* test_func(void* data)
{
  return data;
}

int main(void)
{
  pthread_t thread;
  pthread_create(&thread, NULL, test_func, NULL);
  pthread_detach(thread);
  pthread_cancel(thread);
  pthread_join(thread, NULL);
  pthread_atfork(NULL, NULL, NULL);
  pthread_exit(NULL);

  return 0;
}

Determining if the function pthread_create exists in the pthreads failed with the following output:
Change Dir: /gpfs/users/fernandezx/internship/reisa_tests/REISA/derivative/P4-SN2-LS536-GS2147-I12-AN2-D2023-06-14_09:44:38/CMakeFiles/CMakeTmp

Run Build Command(s):/usr/bin/gmake -f Makefile cmTC_dcfcd/fast && /usr/bin/gmake  -f CMakeFiles/cmTC_dcfcd.dir/build.make CMakeFiles/cmTC_dcfcd.dir/build
gmake[1]: se ingresa al directorio `/gpfs/users/fernandezx/internship/reisa_tests/REISA/derivative/P4-SN2-LS536-GS2147-I12-AN2-D2023-06-14_09:44:38/CMakeFiles/CMakeTmp'
Building C object CMakeFiles/cmTC_dcfcd.dir/CheckFunctionExists.c.o
/gpfs/softs/spack/opt/spack/linux-centos7-haswell/gcc-4.8.5/gcc-11.2.0-mpv3i3uebzvnvz7wxn6ywysd5hftycj3/bin/gcc   -DCHECK_FUNCTION_EXISTS=pthread_create -o CMakeFiles/cmTC_dcfcd.dir/CheckFunctionExists.c.o -c /gpfs/users/fernandezx/spack/opt/spack/linux-centos7-cascadelake/gcc-11.2.0/cmake-3.24.3-ozmdie7tj76e7ljinj2mbyxgkev4xmr2/share/cmake-3.24/Modules/CheckFunctionExists.c
Linking C executable cmTC_dcfcd
/gpfs/users/fernandezx/spack/opt/spack/linux-centos7-cascadelake/gcc-11.2.0/cmake-3.24.3-ozmdie7tj76e7ljinj2mbyxgkev4xmr2/bin/cmake -E cmake_link_script CMakeFiles/cmTC_dcfcd.dir/link.txt --verbose=1
/gpfs/softs/spack/opt/spack/linux-centos7-haswell/gcc-4.8.5/gcc-11.2.0-mpv3i3uebzvnvz7wxn6ywysd5hftycj3/bin/gcc  -DCHECK_FUNCTION_EXISTS=pthread_create CMakeFiles/cmTC_dcfcd.dir/CheckFunctionExists.c.o -o cmTC_dcfcd  -lpthreads 
/usr/bin/ld: no se puede encontrar -lpthreads
collect2: error: ld returned 1 exit status
gmake[1]: *** [cmTC_dcfcd] Error 1
gmake[1]: se sale del directorio `/gpfs/users/fernandezx/internship/reisa_tests/REISA/derivative/P4-SN2-LS536-GS2147-I12-AN2-D2023-06-14_09:44:38/CMakeFiles/CMakeTmp'
gmake: *** [cmTC_dcfcd/fast] Error 2



Detecting C OpenMP failed with the following output:
Change Dir: /gpfs/users/fernandezx/internship/reisa_tests/REISA/derivative/P4-SN2-LS536-GS2147-I12-AN2-D2023-06-14_09:44:38/CMakeFiles/CMakeTmp

Run Build Command(s):/usr/bin/gmake -f Makefile cmTC_60499/fast && /usr/bin/gmake  -f CMakeFiles/cmTC_60499.dir/build.make CMakeFiles/cmTC_60499.dir/build
gmake[1]: se ingresa al directorio `/gpfs/users/fernandezx/internship/reisa_tests/REISA/derivative/P4-SN2-LS536-GS2147-I12-AN2-D2023-06-14_09:44:38/CMakeFiles/CMakeTmp'
CMakeFiles/cmTC_60499.dir/build.make:76: *** el patrón de objetivo no contiene `%'.  Alto.
gmake[1]: se sale del directorio `/gpfs/users/fernandezx/internship/reisa_tests/REISA/derivative/P4-SN2-LS536-GS2147-I12-AN2-D2023-06-14_09:44:38/CMakeFiles/CMakeTmp'
gmake: *** [cmTC_60499/fast] Error 2



Detecting CXX OpenMP failed with the following output:
Change Dir: /gpfs/users/fernandezx/internship/reisa_tests/REISA/derivative/P4-SN2-LS536-GS2147-I12-AN2-D2023-06-14_09:44:38/CMakeFiles/CMakeTmp

Run Build Command(s):/usr/bin/gmake -f Makefile cmTC_5fd95/fast && /usr/bin/gmake  -f CMakeFiles/cmTC_5fd95.dir/build.make CMakeFiles/cmTC_5fd95.dir/build
gmake[1]: se ingresa al directorio `/gpfs/users/fernandezx/internship/reisa_tests/REISA/derivative/P4-SN2-LS536-GS2147-I12-AN2-D2023-06-14_09:44:38/CMakeFiles/CMakeTmp'
CMakeFiles/cmTC_5fd95.dir/build.make:76: *** el patrón de objetivo no contiene `%'.  Alto.
gmake[1]: se sale del directorio `/gpfs/users/fernandezx/internship/reisa_tests/REISA/derivative/P4-SN2-LS536-GS2147-I12-AN2-D2023-06-14_09:44:38/CMakeFiles/CMakeTmp'
gmake: *** [cmTC_5fd95/fast] Error 2



